#
# A fatal error has been detected by the Java Runtime Environment:
#
#  EXCEPTION_ACCESS_VIOLATION (0xc0000005) at pc=0x000000006b1972f5, pid=9016, tid=7868
#
# JRE version: Java(TM) SE Runtime Environment (8.0_05-b13) (build 1.8.0_05-b13)
# Java VM: Java HotSpot(TM) 64-Bit Server VM (25.5-b02 mixed mode windows-amd64 compressed oops)
# Problematic frame:
# V  [jvm.dll+0x1172f5]
#
# Failed to write core dump. Minidumps are not enabled by default on client versions of Windows
#
# If you would like to submit a bug report, please visit:
#   http://bugreport.sun.com/bugreport/crash.jsp
#

---------------  T H R E A D  ---------------

Current thread (0x00000000161c0800):  JavaThread "JDWP Transport Listener: dt_socket" daemon [_thread_in_vm, id=7868, stack(0x00000000179e0000,0x0000000017ae0000)]

siginfo: ExceptionCode=0xc0000005, reading address 0xffffffffffffffff

Registers:
RAX=0x0000000017adf901, RBX=0x00000000161c0800, RCX=0x003b7473694c003b, RDX=0x0000000000000000
RSP=0x0000000017adf8f0, RBP=0x003b7473694c003b, RSI=0x0000000017adfa08, RDI=0x0000000002819070
R8 =0x00000000161c0800, R9 =0x000000000291e940, R10=0x00007ffc51670000, R11=0x0000000017ff0570
R12=0x0000000000000000, R13=0x00000000161b5858, R14=0x0000000000000000, R15=0x0000000000000000
RIP=0x000000006b1972f5, EFLAGS=0x0000000000010202

Top of Stack: (sp=0x0000000017adf8f0)
0x0000000017adf8f0:   00000000161c0800 00000000161c0800
0x0000000017adf900:   0000000017adf9b8 000000006b38a04b
0x0000000017adf910:   00000000161c0800 000000006b3a68ad
0x0000000017adf920:   0000000000000058 000000006af89149
0x0000000017adf930:   00000000161d2180 000000006af92912
0x0000000017adf940:   00000000161c0800 0000000000000000
0x0000000017adf950:   0000000000000000 0000000000000000
0x0000000017adf960:   003b7473694c003b 000000006af91a09
0x0000000017adf970:   0000000017adfa08 0000000017adf9e0
0x0000000017adf980:   0000000000000001 00000000161d2180
0x0000000017adf990:   003b7473694c003b 000000006af753b3
0x0000000017adf9a0:   0000000017adfad0 0000000000000001
0x0000000017adf9b0:   0000000000000001 00000000161d2180
0x0000000017adf9c0:   000000000000000a 0000000000000000
0x0000000017adf9d0:   0000000000000000 0000000000000000
0x0000000017adf9e0:   0000000000000001 000000006af75571 

Instructions: (pc=0x000000006b1972f5)
0x000000006b1972d5:   cc cc cc cc cc cc cc cc cc cc cc 48 83 ec 28 48
0x000000006b1972e5:   85 c9 75 07 33 c0 48 83 c4 28 c3 48 89 5c 24 20
0x000000006b1972f5:   48 8b 19 48 85 db 74 20 48 83 fb 37 74 1a 48 8b
0x000000006b197305:   13 48 8b cb ff 52 08 84 c0 74 0d 48 8b c3 48 8b 


Register to memory mapping:

RAX=0x0000000017adf901 is pointing into the stack for thread: 0x00000000161c0800
RBX=0x00000000161c0800 is a thread
RCX=0x003b7473694c003b is an unknown value
RDX=0x0000000000000000 is an unknown value
RSP=0x0000000017adf8f0 is pointing into the stack for thread: 0x00000000161c0800
RBP=0x003b7473694c003b is an unknown value
RSI=0x0000000017adfa08 is pointing into the stack for thread: 0x00000000161c0800
RDI=0x0000000002819070 is an unknown value
R8 =0x00000000161c0800 is a thread
R9 =0x000000000291e940 is an unknown value
R10=0x00007ffc51670000 is an unknown value
R11=0x0000000017ff0570 is an unknown value
R12=0x0000000000000000 is an unknown value
R13=0x00000000161b5858 is an unknown value
R14=0x0000000000000000 is an unknown value
R15=0x0000000000000000 is an unknown value


Stack: [0x00000000179e0000,0x0000000017ae0000],  sp=0x0000000017adf8f0,  free space=1022k
Native frames: (J=compiled Java code, j=interpreted, Vv=VM code, C=native code)
V  [jvm.dll+0x1172f5]
V  [jvm.dll+0x3268ad]
C  [jdwp.dll+0x21a09]
C  [jdwp.dll+0x53b3]
C  [jdwp.dll+0x5571]
C  [jdwp.dll+0xf09c]
C  [jdwp.dll+0x1f2c9]
C  [jdwp.dll+0x1f49e]
V  [jvm.dll+0x1a7128]
V  [jvm.dll+0x2232c4]
V  [jvm.dll+0x27baca]
C  [msvcr100.dll+0x21d9f]
C  [msvcr100.dll+0x21e3b]
C  [KERNEL32.DLL+0x15dd]
C  [ntdll.dll+0x743d1]


---------------  P R O C E S S  ---------------

Java Threads: ( => current thread )
  0x0000000018020000 JavaThread "Service Thread" daemon [_thread_blocked, id=6216, stack(0x00000000183e0000,0x00000000184e0000)]
  0x00000000161dd000 JavaThread "C1 CompilerThread2" daemon [_thread_blocked, id=8448, stack(0x0000000017ee0000,0x0000000017fe0000)]
  0x00000000161dc000 JavaThread "C2 CompilerThread1" daemon [_thread_blocked, id=3964, stack(0x0000000017de0000,0x0000000017ee0000)]
  0x00000000161d6000 JavaThread "C2 CompilerThread0" daemon [_thread_blocked, id=6176, stack(0x0000000017ce0000,0x0000000017de0000)]
  0x00000000161c7000 JavaThread "JDWP Command Reader" daemon [_thread_in_native, id=8804, stack(0x0000000017be0000,0x0000000017ce0000)]
  0x00000000161c3800 JavaThread "JDWP Event Helper Thread" daemon [_thread_blocked, id=8304, stack(0x0000000017ae0000,0x0000000017be0000)]
=>0x00000000161c0800 JavaThread "JDWP Transport Listener: dt_socket" daemon [_thread_in_vm, id=7868, stack(0x00000000179e0000,0x0000000017ae0000)]
  0x00000000161ae000 JavaThread "Attach Listener" daemon [_thread_blocked, id=9004, stack(0x0000000017600000,0x0000000017700000)]
  0x00000000161ad800 JavaThread "Signal Dispatcher" daemon [_thread_blocked, id=7244, stack(0x0000000017500000,0x0000000017600000)]
  0x0000000002914800 JavaThread "Finalizer" daemon [_thread_blocked, id=6060, stack(0x0000000017400000,0x0000000017500000)]
  0x0000000002909800 JavaThread "Reference Handler" daemon [_thread_blocked, id=8212, stack(0x0000000017300000,0x0000000017400000)]
  0x000000000281d800 JavaThread "main" [_thread_blocked, id=3344, stack(0x0000000002690000,0x0000000002790000)]

Other Threads:
  0x0000000016175800 VMThread [stack: 0x0000000017200000,0x0000000017300000] [id=8480]
  0x0000000018022000 WatcherThread [stack: 0x00000000184e0000,0x00000000185e0000] [id=1380]

VM state:not at safepoint (normal execution)

VM Mutex/Monitor currently owned by a thread: None

Heap:
 PSYoungGen      total 1024K, used 517K [0x00000000e0900000, 0x00000000e0a80000, 0x0000000100000000)
  eden space 512K, 26% used [0x00000000e0900000,0x00000000e0921518,0x00000000e0980000)
  from space 512K, 75% used [0x00000000e0980000,0x00000000e09e0020,0x00000000e0a00000)
  to   space 512K, 0% used [0x00000000e0a00000,0x00000000e0a00000,0x00000000e0a80000)
 ParOldGen       total 96768K, used 8K [0x00000000a1a00000, 0x00000000a7880000, 0x00000000e0900000)
  object space 96768K, 0% used [0x00000000a1a00000,0x00000000a1a02000,0x00000000a7880000)
 Metaspace       used 2710K, capacity 4728K, committed 4864K, reserved 1056768K
  class space    used 292K, capacity 424K, committed 512K, reserved 1048576K

Card table byte_map: [0x0000000011ce0000,0x0000000011fe0000] byte_map_base: 0x00000000117d3000

Marking Bits: (ParMarkBitMap*) 0x000000006b8313b0
 Begin Bits: [0x00000000125e0000, 0x0000000013d78000)
 End Bits:   [0x0000000013d78000, 0x0000000015510000)

Polling page: 0x0000000000f00000

CodeCache: size=245760Kb used=1108Kb max_used=1115Kb free=244651Kb
 bounds [0x0000000002920000, 0x0000000002b90000, 0x0000000011920000]
 total_blobs=256 nmethods=38 adapters=141
 compilation: enabled

Compilation events (10 events):
Event: 0.257 Thread 0x00000000161dd000   34       1       java.util.ArrayList::size (5 bytes)
Event: 0.257 Thread 0x00000000161dd000 nmethod 34 0x0000000002a33d10 code [0x0000000002a33e60, 0x0000000002a33f70]
Event: 0.258 Thread 0x00000000161dc000   35       4       java.lang.String::charAt (29 bytes)
Event: 0.259 Thread 0x00000000161dc000 nmethod 35 0x0000000002a36c90 code [0x0000000002a36de0, 0x0000000002a36eb8]
Event: 0.263 Thread 0x00000000161dd000   36       1       java.util.ArrayList::access$100 (5 bytes)
Event: 0.263 Thread 0x00000000161dd000 nmethod 36 0x0000000002a369d0 code [0x0000000002a36b20, 0x0000000002a36c10]
Event: 11.336 Thread 0x00000000161dd000   37       3       java.util.Arrays::copyOf (19 bytes)
Event: 11.336 Thread 0x00000000161dd000 nmethod 37 0x0000000002a36410 code [0x0000000002a36580, 0x0000000002a368a8]
Event: 11.336 Thread 0x00000000161dd000   38       3       java.lang.AbstractStringBuilder::expandCapacity (50 bytes)
Event: 11.337 Thread 0x00000000161dd000 nmethod 38 0x0000000002a35ad0 code [0x0000000002a35c80, 0x0000000002a361d8]

GC Heap History (2 events):
Event: 0.252 GC heap before
{Heap before GC invocations=1 (full 0):
 PSYoungGen      total 1024K, used 506K [0x00000000e0900000, 0x00000000e0a80000, 0x0000000100000000)
  eden space 512K, 98% used [0x00000000e0900000,0x00000000e097e978,0x00000000e0980000)
  from space 512K, 0% used [0x00000000e0a00000,0x00000000e0a00000,0x00000000e0a80000)
  to   space 512K, 0% used [0x00000000e0980000,0x00000000e0980000,0x00000000e0a00000)
 ParOldGen       total 96768K, used 0K [0x00000000a1a00000, 0x00000000a7880000, 0x00000000e0900000)
  object space 96768K, 0% used [0x00000000a1a00000,0x00000000a1a00000,0x00000000a7880000)
 Metaspace       used 2520K, capacity 4494K, committed 4864K, reserved 1056768K
  class space    used 281K, capacity 386K, committed 512K, reserved 1048576K
Event: 0.253 GC heap after
Heap after GC invocations=1 (full 0):
 PSYoungGen      total 1024K, used 384K [0x00000000e0900000, 0x00000000e0a80000, 0x0000000100000000)
  eden space 512K, 0% used [0x00000000e0900000,0x00000000e0900000,0x00000000e0980000)
  from space 512K, 75% used [0x00000000e0980000,0x00000000e09e0020,0x00000000e0a00000)
  to   space 512K, 0% used [0x00000000e0a00000,0x00000000e0a00000,0x00000000e0a80000)
 ParOldGen       total 96768K, used 8K [0x00000000a1a00000, 0x00000000a7880000, 0x00000000e0900000)
  object space 96768K, 0% used [0x00000000a1a00000,0x00000000a1a02000,0x00000000a7880000)
 Metaspace       used 2520K, capacity 4494K, committed 4864K, reserved 1056768K
  class space    used 281K, capacity 386K, committed 512K, reserved 1048576K
}

Deoptimization events (0 events):
No events

Internal exceptions (10 events):
Event: 0.038 Thread 0x000000000281d800 Exception <a 'java/lang/NoSuchMethodError': Method sun.misc.Unsafe.prefetchRead(Ljava/lang/Object;J)V name or signature does not match> (0x00000000e090ef90) thrown at [D:\re\workspace\8-2-build-windows-amd64-cygwin\jdk8u5\2488\hotspot\src\share\vm\prims\jn`Í¸™Î?
Event: 0.239 Thread 0x000000000281d800 Exception <a 'java/security/PrivilegedActionException'> (0x00000000e0964878) thrown at [D:\re\workspace\8-2-build-windows-amd64-cygwin\jdk8u5\2488\hotspot\src\share\vm\prims\jvm.cpp, line 1248]
Event: 0.247 Thread 0x000000000281d800 Exception <a 'java/security/PrivilegedActionException'> (0x00000000e096b3f8) thrown at [D:\re\workspace\8-2-build-windows-amd64-cygwin\jdk8u5\2488\hotspot\src\share\vm\prims\jvm.cpp, line 1248]
Event: 0.248 Thread 0x000000000281d800 Exception <a 'java/security/PrivilegedActionException'> (0x00000000e096f4d8) thrown at [D:\re\workspace\8-2-build-windows-amd64-cygwin\jdk8u5\2488\hotspot\src\share\vm\prims\jvm.cpp, line 1248]
Event: 0.252 Thread 0x000000000281d800 Exception <a 'java/security/PrivilegedActionException'> (0x00000000e097c6c0) thrown at [D:\re\workspace\8-2-build-windows-amd64-cygwin\jdk8u5\2488\hotspot\src\share\vm\prims\jvm.cpp, line 1248]
Event: 0.254 Thread 0x000000000281d800 Exception <a 'java/security/PrivilegedActionException'> (0x00000000e0902198) thrown at [D:\re\workspace\8-2-build-windows-amd64-cygwin\jdk8u5\2488\hotspot\src\share\vm\prims\jvm.cpp, line 1248]
Event: 0.254 Thread 0x000000000281d800 Exception <a 'java/security/PrivilegedActionException'> (0x00000000e0908388) thrown at [D:\re\workspace\8-2-build-windows-amd64-cygwin\jdk8u5\2488\hotspot\src\share\vm\prims\jvm.cpp, line 1248]
Event: 0.256 Thread 0x000000000281d800 Exception <a 'java/security/PrivilegedActionException'> (0x00000000e090d3b8) thrown at [D:\re\workspace\8-2-build-windows-amd64-cygwin\jdk8u5\2488\hotspot\src\share\vm\prims\jvm.cpp, line 1248]
Event: 0.257 Thread 0x000000000281d800 Exception <a 'java/security/PrivilegedActionException'> (0x00000000e09142b0) thrown at [D:\re\workspace\8-2-build-windows-amd64-cygwin\jdk8u5\2488\hotspot\src\share\vm\prims\jvm.cpp, line 1248]
Event: 0.258 Thread 0x000000000281d800 Exception <a 'java/security/PrivilegedActionException'> (0x00000000e0916448) thrown at [D:\re\workspace\8-2-build-windows-amd64-cygwin\jdk8u5\2488\hotspot\src\share\vm\prims\jvm.cpp, line 1248]

Events (10 events):
Event: 2216.847 Executing VM operation: ChangeSingleStep
Event: 2216.848 Executing VM operation: ChangeSingleStep done
Event: 2216.848 Executing VM operation: ChangeSingleStep
Event: 2216.848 Executing VM operation: ChangeSingleStep done
Event: 2234.535 Executing VM operation: RedefineClasses
Event: 2234.535 Executing VM operation: RedefineClasses done
Event: 2235.576 Executing VM operation: RedefineClasses
Event: 2235.576 Executing VM operation: RedefineClasses done
Event: 2333.402 Executing VM operation: RedefineClasses
Event: 2333.403 Executing VM operation: RedefineClasses done


Dynamic libraries:
0x00007ff6d4870000 - 0x00007ff6d48a4000 	C:\Program Files\Java\jre8\bin\javaw.exe
0x00007ffc51670000 - 0x00007ffc51819000 	C:\WINDOWS\SYSTEM32\ntdll.dll
0x00007ffc51290000 - 0x00007ffc513c9000 	C:\WINDOWS\system32\KERNEL32.DLL
0x00007ffc4edf0000 - 0x00007ffc4eefe000 	C:\WINDOWS\system32\KERNELBASE.dll
0x00007ffc4d620000 - 0x00007ffc4d6ab000 	C:\WINDOWS\system32\apphelp.dll
0x00007ffc38bb0000 - 0x00007ffc38bff000 	C:\WINDOWS\AppPatch\AppPatch64\AcGenral.DLL
0x00007ffc515b0000 - 0x00007ffc51657000 	C:\WINDOWS\system32\msvcrt.dll
0x00007ffc4e7d0000 - 0x00007ffc4e7fb000 	C:\WINDOWS\SYSTEM32\SspiCli.dll
0x00007ffc51230000 - 0x00007ffc51281000 	C:\WINDOWS\system32\SHLWAPI.dll
0x00007ffc50ef0000 - 0x00007ffc51061000 	C:\WINDOWS\system32\USER32.dll
0x00007ffc4f820000 - 0x00007ffc4f996000 	C:\WINDOWS\system32\ole32.dll
0x00007ffc4f9a0000 - 0x00007ffc50db0000 	C:\WINDOWS\system32\SHELL32.dll
0x00007ffc4e000000 - 0x00007ffc4e01f000 	C:\WINDOWS\SYSTEM32\USERENV.dll
0x00007ffc51070000 - 0x00007ffc51115000 	C:\WINDOWS\system32\ADVAPI32.dll
0x00007ffc45790000 - 0x00007ffc457ab000 	C:\WINDOWS\SYSTEM32\MPR.dll
0x00007ffc4f590000 - 0x00007ffc4f6c6000 	C:\WINDOWS\system32\RPCRT4.dll
0x00007ffc51120000 - 0x00007ffc51177000 	C:\WINDOWS\SYSTEM32\sechost.dll
0x00007ffc4f160000 - 0x00007ffc4f337000 	C:\WINDOWS\SYSTEM32\combase.dll
0x00007ffc4f6d0000 - 0x00007ffc4f815000 	C:\WINDOWS\system32\GDI32.dll
0x00007ffc4e9f0000 - 0x00007ffc4ea04000 	C:\WINDOWS\SYSTEM32\profapi.dll
0x00007ffc4c350000 - 0x00007ffc4c3f1000 	C:\WINDOWS\SYSTEM32\SHCORE.dll
0x00007ffc51440000 - 0x00007ffc51474000 	C:\WINDOWS\system32\IMM32.DLL
0x00007ffc50db0000 - 0x00007ffc50ee8000 	C:\WINDOWS\system32\MSCTF.dll
0x00007ffc4baf0000 - 0x00007ffc4bd4a000 	C:\WINDOWS\WinSxS\amd64_microsoft.windows.common-controls_6595b64144ccf1df_6.0.9600.16384_none_62475f7becb72503\COMCTL32.dll
0x000000006b8b0000 - 0x000000006b982000 	C:\Program Files\Java\jre8\bin\msvcr100.dll
0x000000006b080000 - 0x000000006b8aa000 	C:\Program Files\Java\jre8\bin\server\jvm.dll
0x00007ffc3a930000 - 0x00007ffc3a939000 	C:\WINDOWS\SYSTEM32\WSOCK32.dll
0x00007ffc48720000 - 0x00007ffc4873f000 	C:\WINDOWS\SYSTEM32\WINMM.dll
0x00007ffc4f580000 - 0x00007ffc4f587000 	C:\WINDOWS\system32\PSAPI.DLL
0x00007ffc4f340000 - 0x00007ffc4f398000 	C:\WINDOWS\system32\WS2_32.dll
0x00007ffc486f0000 - 0x00007ffc4871a000 	C:\WINDOWS\SYSTEM32\WINMMBASE.dll
0x00007ffc51660000 - 0x00007ffc51669000 	C:\WINDOWS\system32\NSI.dll
0x00007ffc4ebc0000 - 0x00007ffc4ec0a000 	C:\WINDOWS\SYSTEM32\cfgmgr32.dll
0x00007ffc4d870000 - 0x00007ffc4d896000 	C:\WINDOWS\SYSTEM32\DEVOBJ.dll
0x000000006b070000 - 0x000000006b07f000 	C:\Program Files\Java\jre8\bin\verify.dll
0x000000006b040000 - 0x000000006b068000 	C:\Program Files\Java\jre8\bin\java.dll
0x000000006af70000 - 0x000000006afa5000 	C:\Program Files\Java\jre8\bin\jdwp.dll
0x000000006af60000 - 0x000000006af68000 	C:\Program Files\Java\jre8\bin\npt.dll
0x000000006b020000 - 0x000000006b036000 	C:\Program Files\Java\jre8\bin\zip.dll
0x000000006af50000 - 0x000000006af59000 	C:\Program Files\Java\jre8\bin\dt_socket.dll
0x00007ffc461e0000 - 0x00007ffc461f4000 	C:\WINDOWS\system32\napinsp.dll
0x00007ffc461c0000 - 0x00007ffc461d9000 	C:\WINDOWS\system32\pnrpnsp.dll
0x00007ffc48fd0000 - 0x00007ffc48fe9000 	C:\WINDOWS\system32\NLAapi.dll
0x00007ffc4e250000 - 0x00007ffc4e2a8000 	C:\WINDOWS\System32\mswsock.dll
0x00007ffc4e060000 - 0x00007ffc4e103000 	C:\WINDOWS\SYSTEM32\DNSAPI.dll
0x00007ffc461b0000 - 0x00007ffc461bc000 	C:\WINDOWS\System32\winrnr.dll
0x000000006c2e0000 - 0x000000006c306000 	C:\Program Files\Bonjour\mdnsNSP.dll
0x00007ffc47900000 - 0x00007ffc47929000 	C:\WINDOWS\SYSTEM32\Iphlpapi.DLL
0x00007ffc478d0000 - 0x00007ffc478da000 	C:\WINDOWS\SYSTEM32\WINNSI.DLL
0x00007ffc46190000 - 0x00007ffc461a3000 	C:\WINDOWS\system32\wshbth.dll
0x00007ffc474c0000 - 0x00007ffc47527000 	C:\WINDOWS\System32\fwpuclnt.dll
0x00007ffc46180000 - 0x00007ffc46189000 	C:\Windows\System32\rasadhlp.dll
0x00007ffc3e8f0000 - 0x00007ffc3ea78000 	C:\WINDOWS\SYSTEM32\dbghelp.dll

VM Arguments:
jvm_args: -agentlib:jdwp=transport=dt_socket,suspend=y,address=localhost:62318 -Dfile.encoding=Cp1252 
java_command: fr.upem.jbidet.caterer.Main
java_class_path (initial): D:\Documents\Cours\L3\S6\Algorithmique\Projet\workspace\Caterer\classes
Launcher Type: SUN_STANDARD

Environment Variables:
JAVA_HOME=C:\Program Files\Java\jdk1.7.0_21
PATH=C:\Program Files (x86)\Intel\iCLS Client\;C:\Program Files\Intel\iCLS Client\;C:\Program Files (x86)\AMD APP\bin\x86_64;C:\Program Files (x86)\AMD APP\bin\x86;C:\WINDOWS\system32;C:\WINDOWS;C:\WINDOWS\System32\Wbem;C:\WINDOWS\System32\WindowsPowerShell\v1.0\;C:\Program Files (x86)\Windows Live\Shared;C:\Program Files (x86)\ATI Technologies\ATI.ACE\Core-Static;C:\Program Files\Intel\Intel(R) Management Engine Components\DAL;C:\Program Files\Intel\Intel(R) Management Engine Components\IPT;C:\Program Files (x86)\Intel\Intel(R) Management Engine Components\DAL;C:\Program Files (x86)\Intel\Intel(R) Management Engine Components\IPT;C:\AMD\ATI\ATI.ACE\Core-Static;C:\Program Files (x86)\MySQL\MySQL Utilities 1.3.5\;C:\Program Files (x86)\Cygwin\bin;C:\Program Files\SlikSvn\bin
USERNAME=Jeremy
OS=Windows_NT
PROCESSOR_IDENTIFIER=Intel64 Family 6 Model 58 Stepping 9, GenuineIntel



---------------  S Y S T E M  ---------------

OS: Windows 8.1 , 64 bit Build 9600 

CPU:total 4 (2 cores per cpu, 2 threads per core) family 6 model 58 stepping 9, cmov, cx8, fxsr, mmx, sse, sse2, sse3, ssse3, sse4.1, sse4.2, popcnt, avx, aes, clmul, erms, ht, tsc, tscinvbit

Memory: 4k page, physical 6181140k(2536096k free), swap 7885076k(2663520k free)

vm_info: Java HotSpot(TM) 64-Bit Server VM (25.5-b02) for windows-amd64 JRE (1.8.0_05-b13), built on Mar 18 2014 01:08:39 by "java_re" with MS VC++ 10.0 (VS2010)

time: Mon Jun 02 22:29:11 2014
elapsed time: 2333 seconds

